easy_fines_lk_driver/build/app/intermediates/manifest_merge_blame_file/debug/manifest-merger-blame-debug-report.txt
1<?xml version="1.0" encoding="utf-8"?>
2<manifest xmlns:android="http://schemas.android.com/apk/res/android"
3    package="com.example.easy_fines_lk"
4    android:versionCode="1"
5    android:versionName="1.0.0" >
6
7    <uses-sdk
8        android:minSdkVersion="21"
9        android:targetSdkVersion="28" />
10    <!--
11         Flutter needs it to communicate with the running application
12         to allow setting breakpoints, to provide hot reload, etc.
13    -->
14    <uses-permission android:name="android.permission.INTERNET" />
14-->src\debug\AndroidManifest.xml:6:5-66
14-->src\debug\AndroidManifest.xml:6:22-64
15    <uses-permission android:name="android.permission.ACCESS_NETWORK_STATE" />
15-->[com.google.android.gms:play-services-measurement:17.2.2] AndroidManifest.xml:24:5-79
15-->[com.google.android.gms:play-services-measurement:17.2.2] AndroidManifest.xml:24:22-76
16    <uses-permission android:name="android.permission.WAKE_LOCK" />
16-->[com.google.android.gms:play-services-measurement:17.2.2] AndroidManifest.xml:25:5-68
16-->[com.google.android.gms:play-services-measurement:17.2.2] AndroidManifest.xml:25:22-65
17    <uses-permission android:name="com.google.android.finsky.permission.BIND_GET_INSTALL_REFERRER_SERVICE" /> <!-- Required by older versions of Google Play services to create IID tokens -->
17-->[com.google.android.gms:play-services-measurement:17.2.2] AndroidManifest.xml:26:5-110
17-->[com.google.android.gms:play-services-measurement:17.2.2] AndroidManifest.xml:26:22-107
18    <uses-permission android:name="com.google.android.c2dm.permission.RECEIVE" />
18-->[com.google.firebase:firebase-iid:20.0.2] AndroidManifest.xml:26:5-82
18-->[com.google.firebase:firebase-iid:20.0.2] AndroidManifest.xml:26:22-79
19    <!--
20 io.flutter.app.FlutterApplication is an android.app.Application that
21         calls FlutterMain.startInitialization(this); in its onCreate method.
22         In most cases you can leave this as-is, but you if you want to provide
23         additional functionality it is fine to subclass or reimplement
24         FlutterApplication and put your custom class here.
25    -->
26    <application
26-->src\main\AndroidManifest.xml:8:5-29:19
27        android:name="io.flutter.app.FlutterApplication"
27-->src\main\AndroidManifest.xml:9:9-57
28        android:appComponentFactory="androidx.core.app.CoreComponentFactory"
28-->[androidx.core:core:1.1.0] AndroidManifest.xml:24:18-86
29        android:debuggable="true"
30        android:icon="@mipmap/ic_launcher"
30-->src\main\AndroidManifest.xml:11:9-43
31        android:label="EasyFinesLK" >
31-->src\main\AndroidManifest.xml:10:9-36
32        <activity
32-->src\main\AndroidManifest.xml:12:9-23:20
33            android:name="com.example.easy_fines_lk.MainActivity"
33-->src\main\AndroidManifest.xml:13:13-41
34            android:configChanges="orientation|keyboardHidden|keyboard|screenSize|smallestScreenSize|locale|layoutDirection|fontScale|screenLayout|density|uiMode"
34-->src\main\AndroidManifest.xml:16:13-163
35            android:hardwareAccelerated="true"
35-->src\main\AndroidManifest.xml:17:13-47
36            android:launchMode="singleTop"
36-->src\main\AndroidManifest.xml:14:13-43
37            android:theme="@style/LaunchTheme"
37-->src\main\AndroidManifest.xml:15:13-47
38            android:windowSoftInputMode="adjustResize" >
38-->src\main\AndroidManifest.xml:18:13-55
39            <intent-filter>
39-->src\main\AndroidManifest.xml:19:13-22:29
40                <action android:name="android.intent.action.MAIN" />
40-->src\main\AndroidManifest.xml:20:17-68
40-->src\main\AndroidManifest.xml:20:25-66
41
42                <category android:name="android.intent.category.LAUNCHER" />
42-->src\main\AndroidManifest.xml:21:17-76
42-->src\main\AndroidManifest.xml:21:27-74
43            </intent-filter>
44        </activity>
45        <!--
46             Don't delete the meta-data below.
47             This is used by the Flutter tool to generate GeneratedPluginRegistrant.java
48        -->
49        <meta-data
49-->src\main\AndroidManifest.xml:26:9-28:33
50            android:name="flutterEmbedding"
50-->src\main\AndroidManifest.xml:27:13-44
51            android:value="2" />
51-->src\main\AndroidManifest.xml:28:13-30
52
53        <service
53-->[:firebase_auth] AndroidManifest.xml:8:9-12:19
54            android:name="com.google.firebase.components.ComponentDiscoveryService"
54-->[:firebase_auth] AndroidManifest.xml:8:18-89
55            android:directBootAware="true"
55-->[com.google.firebase:firebase-common:19.3.0] AndroidManifest.xml:34:13-43
56            android:exported="false" >
56-->[com.google.firebase:firebase-auth:19.2.0] AndroidManifest.xml:35:13-37
57            <meta-data
57-->[:firebase_auth] AndroidManifest.xml:9:13-11:85
58                android:name="com.google.firebase.components:io.flutter.plugins.firebaseauth.FlutterFirebaseAppRegistrar"
58-->[:firebase_auth] AndroidManifest.xml:10:17-122
59                android:value="com.google.firebase.components.ComponentRegistrar" />
59-->[:firebase_auth] AndroidManifest.xml:11:17-82
60            <meta-data
60-->[:cloud_firestore] AndroidManifest.xml:9:13-11:85
61                android:name="com.google.firebase.components:io.flutter.plugins.firebase.cloudfirestore.FlutterFirebaseAppRegistrar"
61-->[:cloud_firestore] AndroidManifest.xml:10:17-133
62                android:value="com.google.firebase.components.ComponentRegistrar" />
62-->[:cloud_firestore] AndroidManifest.xml:11:17-82
63            <meta-data
63-->[:firebase_database] AndroidManifest.xml:9:13-11:85
64                android:name="com.google.firebase.components:io.flutter.plugins.firebase.database.FlutterFirebaseAppRegistrar"
64-->[:firebase_database] AndroidManifest.xml:10:17-127
65                android:value="com.google.firebase.components.ComponentRegistrar" />
65-->[:firebase_database] AndroidManifest.xml:11:17-82
66            <meta-data
66-->[:firebase_core] AndroidManifest.xml:9:13-11:85
67                android:name="com.google.firebase.components:io.flutter.plugins.firebase.core.FlutterFirebaseAppRegistrar"
67-->[:firebase_core] AndroidManifest.xml:10:17-123
68                android:value="com.google.firebase.components.ComponentRegistrar" />
68-->[:firebase_core] AndroidManifest.xml:11:17-82
69            <meta-data
69-->[com.google.firebase:firebase-auth:19.2.0] AndroidManifest.xml:36:13-38:85
70                android:name="com.google.firebase.components:com.google.firebase.auth.FirebaseAuthRegistrar"
70-->[com.google.firebase:firebase-auth:19.2.0] AndroidManifest.xml:37:17-109
71                android:value="com.google.firebase.components.ComponentRegistrar" />
71-->[com.google.firebase:firebase-auth:19.2.0] AndroidManifest.xml:38:17-82
72            <meta-data
72-->[com.google.android.gms:play-services-measurement-api:17.2.2] AndroidManifest.xml:30:13-32:85
73                android:name="com.google.firebase.components:com.google.firebase.analytics.connector.internal.AnalyticsConnectorRegistrar"
73-->[com.google.android.gms:play-services-measurement-api:17.2.2] AndroidManifest.xml:31:17-139
74                android:value="com.google.firebase.components.ComponentRegistrar" />
74-->[com.google.android.gms:play-services-measurement-api:17.2.2] AndroidManifest.xml:32:17-82
75            <meta-data
75-->[com.google.firebase:firebase-firestore:21.3.0] AndroidManifest.xml:20:13-22:85
76                android:name="com.google.firebase.components:com.google.firebase.firestore.FirestoreRegistrar"
76-->[com.google.firebase:firebase-firestore:21.3.0] AndroidManifest.xml:21:17-111
77                android:value="com.google.firebase.components.ComponentRegistrar" />
77-->[com.google.firebase:firebase-firestore:21.3.0] AndroidManifest.xml:22:17-82
78            <meta-data
78-->[com.google.firebase:firebase-database:17.0.0] AndroidManifest.xml:30:13-32:85
79                android:name="com.google.firebase.components:com.google.firebase.database.DatabaseRegistrar"
79-->[com.google.firebase:firebase-database:17.0.0] AndroidManifest.xml:31:17-109
80                android:value="com.google.firebase.components.ComponentRegistrar" />
80-->[com.google.firebase:firebase-database:17.0.0] AndroidManifest.xml:32:17-82
81            <meta-data
81-->[com.google.firebase:firebase-iid:20.0.2] AndroidManifest.xml:32:13-34:85
82                android:name="com.google.firebase.components:com.google.firebase.iid.Registrar"
82-->[com.google.firebase:firebase-iid:20.0.2] AndroidManifest.xml:33:17-96
83                android:value="com.google.firebase.components.ComponentRegistrar" />
83-->[com.google.firebase:firebase-iid:20.0.2] AndroidManifest.xml:34:17-82
84        </service>
85
86        <activity
86-->[:flutter_stripe_payment] AndroidManifest.xml:8:9-11:82
87            android:name="com.dormmom.flutter_stripe_payment.PaymentActivity"
87-->[:flutter_stripe_payment] AndroidManifest.xml:9:13-78
88            android:label="Add Payment Method"
88-->[:flutter_stripe_payment] AndroidManifest.xml:10:13-47
89            android:theme="@android:style/Theme.Holo.Light.Dialog.NoActionBar" />
89-->[:flutter_stripe_payment] AndroidManifest.xml:11:13-79
90        <activity
90-->[com.stripe:stripe-android:14.0.0] AndroidManifest.xml:12:9-14:57
91            android:name="com.stripe.android.view.AddPaymentMethodActivity"
91-->[com.stripe:stripe-android:14.0.0] AndroidManifest.xml:13:13-76
92            android:theme="@style/StripeDefaultTheme" />
92-->[com.stripe:stripe-android:14.0.0] AndroidManifest.xml:14:13-54
93        <activity
93-->[com.stripe:stripe-android:14.0.0] AndroidManifest.xml:15:9-17:57
94            android:name="com.stripe.android.view.PaymentMethodsActivity"
94-->[com.stripe:stripe-android:14.0.0] AndroidManifest.xml:16:13-74
95            android:theme="@style/StripeDefaultTheme" />
95-->[com.stripe:stripe-android:14.0.0] AndroidManifest.xml:17:13-54
96        <activity
96-->[com.stripe:stripe-android:14.0.0] AndroidManifest.xml:18:9-20:57
97            android:name="com.stripe.android.view.PaymentFlowActivity"
97-->[com.stripe:stripe-android:14.0.0] AndroidManifest.xml:19:13-71
98            android:theme="@style/StripeDefaultTheme" />
98-->[com.stripe:stripe-android:14.0.0] AndroidManifest.xml:20:13-54
99        <activity
99-->[com.stripe:stripe-android:14.0.0] AndroidManifest.xml:21:9-23:57
100            android:name="com.stripe.android.view.PaymentAuthWebViewActivity"
100-->[com.stripe:stripe-android:14.0.0] AndroidManifest.xml:22:13-78
101            android:theme="@style/StripeDefaultTheme" />
101-->[com.stripe:stripe-android:14.0.0] AndroidManifest.xml:23:13-54
102        <activity
102-->[com.stripe:stripe-android:14.0.0] AndroidManifest.xml:24:9-26:57
103            android:name="com.stripe.android.view.PaymentRelayActivity"
103-->[com.stripe:stripe-android:14.0.0] AndroidManifest.xml:25:13-72
104            android:theme="@style/StripeDefaultTheme" />
104-->[com.stripe:stripe-android:14.0.0] AndroidManifest.xml:26:13-54
105        <activity
105-->[com.stripe:stripe-3ds2-android:2.5.4] AndroidManifest.xml:12:9-14:54
106            android:name="com.stripe.android.stripe3ds2.views.ChallengeActivity"
106-->[com.stripe:stripe-3ds2-android:2.5.4] AndroidManifest.xml:13:13-81
107            android:theme="@style/Stripe3DS2Theme" />
107-->[com.stripe:stripe-3ds2-android:2.5.4] AndroidManifest.xml:14:13-51
108        <activity
108-->[com.stripe:stripe-3ds2-android:2.5.4] AndroidManifest.xml:15:9-17:54
109            android:name="com.stripe.android.stripe3ds2.views.ChallengeProgressDialogActivity"
109-->[com.stripe:stripe-3ds2-android:2.5.4] AndroidManifest.xml:16:13-95
110            android:theme="@style/Stripe3DS2Theme" />
110-->[com.stripe:stripe-3ds2-android:2.5.4] AndroidManifest.xml:17:13-51
111        <activity
111-->[com.google.firebase:firebase-auth:19.2.0] AndroidManifest.xml:24:9-31:50
112            android:name="com.google.firebase.auth.internal.FederatedSignInActivity"
112-->[com.google.firebase:firebase-auth:19.2.0] AndroidManifest.xml:25:13-85
113            android:excludeFromRecents="true"
113-->[com.google.firebase:firebase-auth:19.2.0] AndroidManifest.xml:26:13-46
114            android:exported="true"
114-->[com.google.firebase:firebase-auth:19.2.0] AndroidManifest.xml:27:13-36
115            android:launchMode="singleTask"
115-->[com.google.firebase:firebase-auth:19.2.0] AndroidManifest.xml:28:13-44
116            android:permission="com.google.firebase.auth.api.gms.permission.LAUNCH_FEDERATED_SIGN_IN"
116-->[com.google.firebase:firebase-auth:19.2.0] AndroidManifest.xml:29:13-102
117            android:theme="@android:style/Theme.Translucent.NoTitleBar" />
117-->[com.google.firebase:firebase-auth:19.2.0] AndroidManifest.xml:30:13-72
118
119        <receiver
119-->[com.google.android.gms:play-services-measurement:17.2.2] AndroidManifest.xml:29:9-33:20
120            android:name="com.google.android.gms.measurement.AppMeasurementReceiver"
120-->[com.google.android.gms:play-services-measurement:17.2.2] AndroidManifest.xml:30:13-85
121            android:enabled="true"
121-->[com.google.android.gms:play-services-measurement:17.2.2] AndroidManifest.xml:31:13-35
122            android:exported="false" >
122-->[com.google.android.gms:play-services-measurement:17.2.2] AndroidManifest.xml:32:13-37
123        </receiver>
124        <receiver
124-->[com.google.android.gms:play-services-measurement:17.2.2] AndroidManifest.xml:34:9-42:20
125            android:name="com.google.android.gms.measurement.AppMeasurementInstallReferrerReceiver"
125-->[com.google.android.gms:play-services-measurement:17.2.2] AndroidManifest.xml:35:13-100
126            android:enabled="true"
126-->[com.google.android.gms:play-services-measurement:17.2.2] AndroidManifest.xml:36:13-35
127            android:exported="true"
127-->[com.google.android.gms:play-services-measurement:17.2.2] AndroidManifest.xml:37:13-36
128            android:permission="android.permission.INSTALL_PACKAGES" >
128-->[com.google.android.gms:play-services-measurement:17.2.2] AndroidManifest.xml:38:13-69
129            <intent-filter>
129-->[com.google.android.gms:play-services-measurement:17.2.2] AndroidManifest.xml:39:13-41:29
130                <action android:name="com.android.vending.INSTALL_REFERRER" />
130-->[com.google.android.gms:play-services-measurement:17.2.2] AndroidManifest.xml:40:17-79
130-->[com.google.android.gms:play-services-measurement:17.2.2] AndroidManifest.xml:40:25-76
131            </intent-filter>
132        </receiver>
133
134        <service
134-->[com.google.android.gms:play-services-measurement:17.2.2] AndroidManifest.xml:44:9-47:40
135            android:name="com.google.android.gms.measurement.AppMeasurementService"
135-->[com.google.android.gms:play-services-measurement:17.2.2] AndroidManifest.xml:45:13-84
136            android:enabled="true"
136-->[com.google.android.gms:play-services-measurement:17.2.2] AndroidManifest.xml:46:13-35
137            android:exported="false" />
137-->[com.google.android.gms:play-services-measurement:17.2.2] AndroidManifest.xml:47:13-37
138        <service
138-->[com.google.android.gms:play-services-measurement:17.2.2] AndroidManifest.xml:48:9-52:72
139            android:name="com.google.android.gms.measurement.AppMeasurementJobService"
139-->[com.google.android.gms:play-services-measurement:17.2.2] AndroidManifest.xml:49:13-87
140            android:enabled="true"
140-->[com.google.android.gms:play-services-measurement:17.2.2] AndroidManifest.xml:50:13-35
141            android:exported="false"
141-->[com.google.android.gms:play-services-measurement:17.2.2] AndroidManifest.xml:51:13-37
142            android:permission="android.permission.BIND_JOB_SERVICE" />
142-->[com.google.android.gms:play-services-measurement:17.2.2] AndroidManifest.xml:52:13-69
143
144        <receiver
144-->[com.google.firebase:firebase-iid:20.0.2] AndroidManifest.xml:37:9-44:20
145            android:name="com.google.firebase.iid.FirebaseInstanceIdReceiver"
145-->[com.google.firebase:firebase-iid:20.0.2] AndroidManifest.xml:38:13-78
146            android:exported="true"
146-->[com.google.firebase:firebase-iid:20.0.2] AndroidManifest.xml:39:13-36
147            android:permission="com.google.android.c2dm.permission.SEND" >
147-->[com.google.firebase:firebase-iid:20.0.2] AndroidManifest.xml:40:13-73
148            <intent-filter>
148-->[com.google.firebase:firebase-iid:20.0.2] AndroidManifest.xml:41:13-43:29
149                <action android:name="com.google.android.c2dm.intent.RECEIVE" />
149-->[com.google.firebase:firebase-iid:20.0.2] AndroidManifest.xml:42:17-81
149-->[com.google.firebase:firebase-iid:20.0.2] AndroidManifest.xml:42:25-78
150            </intent-filter>
151        </receiver>
152
153        <provider
153-->[com.google.firebase:firebase-common:19.3.0] AndroidManifest.xml:26:9-30:39
154            android:name="com.google.firebase.provider.FirebaseInitProvider"
154-->[com.google.firebase:firebase-common:19.3.0] AndroidManifest.xml:27:13-77
155            android:authorities="com.example.easy_fines_lk.firebaseinitprovider"
155-->[com.google.firebase:firebase-common:19.3.0] AndroidManifest.xml:28:13-72
156            android:exported="false"
156-->[com.google.firebase:firebase-common:19.3.0] AndroidManifest.xml:29:13-37
157            android:initOrder="100" />
157-->[com.google.firebase:firebase-common:19.3.0] AndroidManifest.xml:30:13-36
158
159        <activity
159-->[com.google.android.gms:play-services-base:17.1.0] AndroidManifest.xml:23:9-26:75
160            android:name="com.google.android.gms.common.api.GoogleApiActivity"
160-->[com.google.android.gms:play-services-base:17.1.0] AndroidManifest.xml:24:13-79
161            android:exported="false"
161-->[com.google.android.gms:play-services-base:17.1.0] AndroidManifest.xml:25:13-37
162            android:theme="@android:style/Theme.Translucent.NoTitleBar" />
162-->[com.google.android.gms:play-services-base:17.1.0] AndroidManifest.xml:26:13-72
163
164        <meta-data
164-->[com.google.android.gms:play-services-basement:17.0.0] AndroidManifest.xml:23:9-25:69
165            android:name="com.google.android.gms.version"
165-->[com.google.android.gms:play-services-basement:17.0.0] AndroidManifest.xml:24:13-58
166            android:value="@integer/google_play_services_version" />
166-->[com.google.android.gms:play-services-basement:17.0.0] AndroidManifest.xml:25:13-66
167    </application>
168
169</manifest>